#
# A fatal error has been detected by the Java Runtime Environment:
#
#  EXCEPTION_ACCESS_VIOLATION (0xc0000005) at pc=0x59beb1b3, pid=5180, tid=3508
#
# JRE version: Java(TM) SE Runtime Environment (8.0_25-b18) (build 1.8.0_25-b18)
# Java VM: Java HotSpot(TM) Client VM (25.25-b02 mixed mode windows-x86 )
# Problematic frame:
# V  [jvm.dll+0x15b1b3]
#
# Failed to write core dump. Minidumps are not enabled by default on client versions of Windows
#
# If you would like to submit a bug report, please visit:
#   http://bugreport.sun.com/bugreport/crash.jsp
#

---------------  T H R E A D  ---------------

Current thread (0x154fc000):  JavaThread "AWT-EventQueue-0" [_thread_in_vm, id=3508, stack(0x18100000,0x18150000)]

siginfo: ExceptionCode=0xc0000005, reading address 0x00000aab

Registers:
EAX=0x0a0a0a32, EBX=0x00000000, ECX=0x15646b48, EDX=0x00000000
ESP=0x1814d8d8, EBP=0x1814db2c, ESI=0x00000a07, EDI=0x154fc000
EIP=0x59beb1b3, EFLAGS=0x00010202

Top of Stack: (sp=0x1814d8d8)
0x1814d8d8:   1814db84 154fc000 154fc000 1814db9c
0x1814d8e8:   0230b5f2 0230b508 00000000 1814dcf8
0x1814d8f8:   1814db9c 1814dd00 027ca064 027c74c8
0x1814d908:   00000000 1814dfb8 1814dd00 145a8ac0
0x1814d918:   154fc000 147262b0 14752208 14709108
0x1814d928:   154fc000 0a0a0a0a 154fc000 00000001
0x1814d938:   000001ae 00000000 00000000 026a16f0
0x1814d948:   00000000 00000000 00000000 15436b14 

Instructions: (pc=0x59beb1b3)
0x59beb193:   ff ff 89 9d 54 fe ff ff 89 9d 58 fe ff ff 89 9d
0x59beb1a3:   5c fe ff ff 8b 30 89 85 2c fe ff ff 3b f3 74 0c
0x59beb1b3:   8a 8e a4 00 00 00 84 c9 74 02 33 f6 53 56 e8 ba
0x59beb1c3:   1a f0 ff 83 c4 08 38 5d 10 0f 84 01 01 00 00 8d 


Register to memory mapping:

EAX=0x0a0a0a32 is pointing into object: 0x0a0a0a20
java.util.HashMap$Node 
 - klass: 'java/util/HashMap$Node'
EBX=0x00000000 is an unknown value
ECX=0x15646b48 is an unknown value
EDX=0x00000000 is an unknown value
ESP=0x1814d8d8 is pointing into the stack for thread: 0x154fc000
EBP=0x1814db2c is pointing into the stack for thread: 0x154fc000
ESI=0x00000a07 is an unknown value
EDI=0x154fc000 is a thread


Stack: [0x18100000,0x18150000],  sp=0x1814d8d8,  free space=310k
Native frames: (J=compiled Java code, j=interpreted, Vv=VM code, C=native code)
V  [jvm.dll+0x15b1b3]
V  [jvm.dll+0x15b802]
V  [jvm.dll+0x15be8d]
v  ~RuntimeStub::resolve_opt_virtual_call
J 2157 C1 java.awt.DefaultKeyboardFocusManager.dispatchEvent(Ljava/awt/AWTEvent;)Z (1589 bytes) @ 0x027ca064 [0x027c8200+0x1e64]
J 2117 C1 java.awt.Component.dispatchEventImpl(Ljava/awt/AWTEvent;)V (883 bytes) @ 0x027b2a20 [0x027b2510+0x510]
j  java.awt.Container.dispatchEventImpl(Ljava/awt/AWTEvent;)V+42
j  java.awt.Window.dispatchEventImpl(Ljava/awt/AWTEvent;)V+19
J 2009 C1 java.awt.EventQueue.dispatchEventImpl(Ljava/awt/AWTEvent;Ljava/lang/Object;)V (149 bytes) @ 0x02794bec [0x027947f0+0x3fc]
J 2023 C1 java.awt.EventQueue$3.run()Ljava/lang/Void; (60 bytes) @ 0x027986a8 [0x02798640+0x68]
J 2022 C1 java.awt.EventQueue$3.run()Ljava/lang/Object; (5 bytes) @ 0x02798428 [0x02798400+0x28]
v  ~StubRoutines::call_stub
V  [jvm.dll+0x147285]
V  [jvm.dll+0x20d19e]
V  [jvm.dll+0x14731e]
V  [jvm.dll+0xfc4df]
C  [java.dll+0x102f]
J 1965 C1 java.security.ProtectionDomain$1.doIntersectionPrivilege(Ljava/security/PrivilegedAction;Ljava/security/AccessControlContext;Ljava/security/AccessControlContext;)Ljava/lang/Object; (32 bytes) @ 0x02783fd8 [0x02783f30+0xa8]
J 2135 C1 java.awt.EventQueue$4.run()Ljava/lang/Object; (5 bytes) @ 0x027bc4b8 [0x027bc3f0+0xc8]
v  ~StubRoutines::call_stub
V  [jvm.dll+0x147285]
V  [jvm.dll+0x20d19e]
V  [jvm.dll+0x14731e]
V  [jvm.dll+0xfc4df]
C  [java.dll+0x102f]
J 2004 C1 java.awt.EventQueue.dispatchEvent(Ljava/awt/AWTEvent;)V (80 bytes) @ 0x027932d4 [0x02793010+0x2c4]
j  java.awt.SequencedEvent.dispatch()V+108
J 2009 C1 java.awt.EventQueue.dispatchEventImpl(Ljava/awt/AWTEvent;Ljava/lang/Object;)V (149 bytes) @ 0x02794c60 [0x027947f0+0x470]
J 2023 C1 java.awt.EventQueue$3.run()Ljava/lang/Void; (60 bytes) @ 0x027986a8 [0x02798640+0x68]
J 2022 C1 java.awt.EventQueue$3.run()Ljava/lang/Object; (5 bytes) @ 0x02798428 [0x02798400+0x28]
v  ~StubRoutines::call_stub
V  [jvm.dll+0x147285]
V  [jvm.dll+0x20d19e]
V  [jvm.dll+0x14731e]
V  [jvm.dll+0xfc4df]
C  [java.dll+0x102f]
J 1965 C1 java.security.ProtectionDomain$1.doIntersectionPrivilege(Ljava/security/PrivilegedAction;Ljava/security/AccessControlContext;Ljava/security/AccessControlContext;)Ljava/lang/Object; (32 bytes) @ 0x02783fd8 [0x02783f30+0xa8]
J 2135 C1 java.awt.EventQueue$4.run()Ljava/lang/Object; (5 bytes) @ 0x027bc4b8 [0x027bc3f0+0xc8]
v  ~StubRoutines::call_stub
V  [jvm.dll+0x147285]
V  [jvm.dll+0x20d19e]
V  [jvm.dll+0x14731e]
V  [jvm.dll+0xfc4df]
C  [java.dll+0x102f]
J 2004 C1 java.awt.EventQueue.dispatchEvent(Ljava/awt/AWTEvent;)V (80 bytes) @ 0x027932d4 [0x02793010+0x2c4]
J 1970 C1 java.awt.EventDispatchThread.pumpOneEventForFilters(I)V (295 bytes) @ 0x027854d0 [0x02784dd0+0x700]
j  java.awt.EventDispatchThread.pumpEventsForFilter(ILjava/awt/Conditional;Ljava/awt/EventFilter;)V+35
j  java.awt.EventDispatchThread.pumpEventsForHierarchy(ILjava/awt/Conditional;Ljava/awt/Component;)V+11
j  java.awt.EventDispatchThread.pumpEvents(ILjava/awt/Conditional;)V+4
j  java.awt.EventDispatchThread.pumpEvents(Ljava/awt/Conditional;)V+3
j  java.awt.EventDispatchThread.run()V+9
v  ~StubRoutines::call_stub
V  [jvm.dll+0x147285]
V  [jvm.dll+0x20d19e]
V  [jvm.dll+0x14731e]
V  [jvm.dll+0x1474a6]
V  [jvm.dll+0x147517]
V  [jvm.dll+0xf06bf]
V  [jvm.dll+0x1698cc]
V  [jvm.dll+0x16a15a]
V  [jvm.dll+0x1aee06]
C  [msvcr100.dll+0x5c556]
C  [msvcr100.dll+0x5c600]
C  [KERNEL32.DLL+0x17c04]
C  [ntdll.dll+0x5ad1f]
C  [ntdll.dll+0x5acea]
C  0x00000000

Java frames: (J=compiled Java code, j=interpreted, Vv=VM code)
v  ~RuntimeStub::resolve_opt_virtual_call
J 2157 C1 java.awt.DefaultKeyboardFocusManager.dispatchEvent(Ljava/awt/AWTEvent;)Z (1589 bytes) @ 0x027ca064 [0x027c8200+0x1e64]
J 2117 C1 java.awt.Component.dispatchEventImpl(Ljava/awt/AWTEvent;)V (883 bytes) @ 0x027b2a20 [0x027b2510+0x510]
j  java.awt.Container.dispatchEventImpl(Ljava/awt/AWTEvent;)V+42
j  java.awt.Window.dispatchEventImpl(Ljava/awt/AWTEvent;)V+19
J 2009 C1 java.awt.EventQueue.dispatchEventImpl(Ljava/awt/AWTEvent;Ljava/lang/Object;)V (149 bytes) @ 0x02794bec [0x027947f0+0x3fc]
J 2023 C1 java.awt.EventQueue$3.run()Ljava/lang/Void; (60 bytes) @ 0x027986a8 [0x02798640+0x68]
J 2022 C1 java.awt.EventQueue$3.run()Ljava/lang/Object; (5 bytes) @ 0x02798428 [0x02798400+0x28]
v  ~StubRoutines::call_stub
J 1304  java.security.AccessController.doPrivileged(Ljava/security/PrivilegedAction;Ljava/security/AccessControlContext;)Ljava/lang/Object; (0 bytes) @ 0x025e0ac7 [0x025e0a60+0x67]
J 1965 C1 java.security.ProtectionDomain$1.doIntersectionPrivilege(Ljava/security/PrivilegedAction;Ljava/security/AccessControlContext;Ljava/security/AccessControlContext;)Ljava/lang/Object; (32 bytes) @ 0x02783fd8 [0x02783f30+0xa8]
J 2135 C1 java.awt.EventQueue$4.run()Ljava/lang/Object; (5 bytes) @ 0x027bc4b8 [0x027bc3f0+0xc8]
v  ~StubRoutines::call_stub
J 1304  java.security.AccessController.doPrivileged(Ljava/security/PrivilegedAction;Ljava/security/AccessControlContext;)Ljava/lang/Object; (0 bytes) @ 0x025e0ac7 [0x025e0a60+0x67]
J 2004 C1 java.awt.EventQueue.dispatchEvent(Ljava/awt/AWTEvent;)V (80 bytes) @ 0x027932d4 [0x02793010+0x2c4]
j  java.awt.SequencedEvent.dispatch()V+108
J 2009 C1 java.awt.EventQueue.dispatchEventImpl(Ljava/awt/AWTEvent;Ljava/lang/Object;)V (149 bytes) @ 0x02794c60 [0x027947f0+0x470]
J 2023 C1 java.awt.EventQueue$3.run()Ljava/lang/Void; (60 bytes) @ 0x027986a8 [0x02798640+0x68]
J 2022 C1 java.awt.EventQueue$3.run()Ljava/lang/Object; (5 bytes) @ 0x02798428 [0x02798400+0x28]
v  ~StubRoutines::call_stub
J 1304  java.security.AccessController.doPrivileged(Ljava/security/PrivilegedAction;Ljava/security/AccessControlContext;)Ljava/lang/Object; (0 bytes) @ 0x025e0ac7 [0x025e0a60+0x67]
J 1965 C1 java.security.ProtectionDomain$1.doIntersectionPrivilege(Ljava/security/PrivilegedAction;Ljava/security/AccessControlContext;Ljava/security/AccessControlContext;)Ljava/lang/Object; (32 bytes) @ 0x02783fd8 [0x02783f30+0xa8]
J 2135 C1 java.awt.EventQueue$4.run()Ljava/lang/Object; (5 bytes) @ 0x027bc4b8 [0x027bc3f0+0xc8]
v  ~StubRoutines::call_stub
J 1304  java.security.AccessController.doPrivileged(Ljava/security/PrivilegedAction;Ljava/security/AccessControlContext;)Ljava/lang/Object; (0 bytes) @ 0x025e0ac7 [0x025e0a60+0x67]
J 2004 C1 java.awt.EventQueue.dispatchEvent(Ljava/awt/AWTEvent;)V (80 bytes) @ 0x027932d4 [0x02793010+0x2c4]
J 1970 C1 java.awt.EventDispatchThread.pumpOneEventForFilters(I)V (295 bytes) @ 0x027854d0 [0x02784dd0+0x700]
j  java.awt.EventDispatchThread.pumpEventsForFilter(ILjava/awt/Conditional;Ljava/awt/EventFilter;)V+35
j  java.awt.EventDispatchThread.pumpEventsForHierarchy(ILjava/awt/Conditional;Ljava/awt/Component;)V+11
j  java.awt.EventDispatchThread.pumpEvents(ILjava/awt/Conditional;)V+4
j  java.awt.EventDispatchThread.pumpEvents(Ljava/awt/Conditional;)V+3
j  java.awt.EventDispatchThread.run()V+9
v  ~StubRoutines::call_stub

---------------  P R O C E S S  ---------------

Java Threads: ( => current thread )
  0x1a177000 JavaThread "TimerQueue" daemon [_thread_blocked, id=1256, stack(0x17ec0000,0x17f10000)]
  0x1a173c00 JavaThread "HebraMonitorizacion del agente reactivo AgenteReactivoImp2[UnicastServerRef [liveRef: [endpoint:[192.168.1.112:53034](local),objID:[2127048:14d57e64c63:-7ff9, 6385190326569074625]]]]" daemon [_thread_blocked, id=944, stack(0x17e30000,0x17e80000)]
  0x1a173000 JavaThread "Thread-13" daemon [_thread_blocked, id=5128, stack(0x17da0000,0x17df0000)]
  0x1a174400 JavaThread "Thread-9" daemon [_thread_blocked, id=3900, stack(0x17d10000,0x17d60000)]
  0x1a175000 JavaThread "Thread-12" daemon [_thread_blocked, id=4644, stack(0x17c80000,0x17cd0000)]
  0x1a176800 JavaThread "Thread-11" daemon [_thread_in_native, id=5668, stack(0x17bf0000,0x17c40000)]
  0x1a176400 JavaThread "Thread-10" daemon [_thread_blocked, id=6124, stack(0x1bea0000,0x1bef0000)]
  0x1a174800 JavaThread "Thread-8" daemon [_thread_blocked, id=5024, stack(0x1be10000,0x1be60000)]
  0x15694800 JavaThread "HebraMonitorizacion del agente reactivo AgenteReactivoImp2[UnicastServerRef [liveRef: [endpoint:[192.168.1.112:53034](local),objID:[2127048:14d57e64c63:-7ffa, 1126755906708683053]]]]" daemon [_thread_blocked, id=5872, stack(0x1b780000,0x1b7d0000)]
  0x15694400 JavaThread "Thread-7" daemon [_thread_blocked, id=6100, stack(0x1b4f0000,0x1b540000)]
  0x15693c00 JavaThread "HebraMonitorizacion del agente reactivo AgenteReactivoImp2[UnicastServerRef [liveRef: [endpoint:[192.168.1.112:53034](local),objID:[2127048:14d57e64c63:-7ffb, 94746340387559119]]]]" daemon [_thread_blocked, id=2560, stack(0x1b460000,0x1b4b0000)]
  0x15695000 JavaThread "Thread-6" daemon [_thread_blocked, id=2872, stack(0x1b3d0000,0x1b420000)]
  0x18fa9c00 JavaThread "Thread-5" daemon [_thread_blocked, id=5836, stack(0x18dc0000,0x18e10000)]
  0x18f51000 JavaThread "Thread-4" daemon [_thread_blocked, id=5944, stack(0x19850000,0x198a0000)]
  0x008adc00 JavaThread "DestroyJavaVM" [_thread_blocked, id=5492, stack(0x008e0000,0x00930000)]
  0x15628000 JavaThread "D3D Screen Updater" daemon [_thread_blocked, id=5148, stack(0x185c0000,0x18610000)]
=>0x154fc000 JavaThread "AWT-EventQueue-0" [_thread_in_vm, id=3508, stack(0x18100000,0x18150000)]
  0x1545e800 JavaThread "AWT-Windows" daemon [_thread_in_native, id=5788, stack(0x165e0000,0x16630000)]
  0x15493800 JavaThread "AWT-Shutdown" [_thread_blocked, id=5952, stack(0x16550000,0x165a0000)]
  0x1545b800 JavaThread "Java2D Disposer" daemon [_thread_blocked, id=5548, stack(0x164c0000,0x16510000)]
  0x153fac00 JavaThread "GC Daemon" daemon [_thread_blocked, id=296, stack(0x15830000,0x15880000)]
  0x153fa000 JavaThread "RMI Reaper" [_thread_blocked, id=2936, stack(0x157a0000,0x157f0000)]
  0x153f9800 JavaThread "RMI TCP Accept-0" daemon [_thread_in_native, id=3524, stack(0x15710000,0x15760000)]
  0x148cc000 JavaThread "Service Thread" daemon [_thread_blocked, id=4848, stack(0x151f0000,0x15240000)]
  0x148a7000 JavaThread "C1 CompilerThread0" daemon [_thread_blocked, id=1728, stack(0x15160000,0x151b0000)]
  0x14899800 JavaThread "JDWP Command Reader" daemon [_thread_in_native, id=4540, stack(0x150d0000,0x15120000)]
  0x14894800 JavaThread "JDWP Event Helper Thread" daemon [_thread_blocked, id=5764, stack(0x15040000,0x15090000)]
  0x14892800 JavaThread "JDWP Transport Listener: dt_socket" daemon [_thread_blocked, id=4640, stack(0x14fb0000,0x15000000)]
  0x14883c00 JavaThread "Attach Listener" daemon [_thread_blocked, id=2568, stack(0x14c10000,0x14c60000)]
  0x1488e400 JavaThread "Signal Dispatcher" daemon [_thread_blocked, id=5460, stack(0x14b80000,0x14bd0000)]
  0x14865c00 JavaThread "Finalizer" daemon [_thread_blocked, id=5416, stack(0x14af0000,0x14b40000)]
  0x14860400 JavaThread "Reference Handler" daemon [_thread_blocked, id=3748, stack(0x14a60000,0x14ab0000)]

Other Threads:
  0x022cc400 VMThread [stack: 0x00bc0000,0x00c10000] [id=1092]
  0x148cdc00 WatcherThread [stack: 0x15280000,0x152d0000] [id=5516]

VM state:not at safepoint (normal execution)

VM Mutex/Monitor currently owned by a thread: None

Heap:
 def new generation   total 17920K, used 10101K [0x04400000, 0x05770000, 0x09950000)
  eden space 15936K,  57% used [0x04400000, 0x04d033d0, 0x05390000)
  from space 1984K,  43% used [0x05390000, 0x0546a2b0, 0x05580000)
  to   space 1984K,   0% used [0x05580000, 0x05580000, 0x05770000)
 tenured generation   total 39760K, used 26691K [0x09950000, 0x0c024000, 0x14400000)
   the space 39760K,  67% used [0x09950000, 0x0b360e40, 0x0b361000, 0x0c024000)
 Metaspace       used 26835K, capacity 27313K, committed 27392K, reserved 28032K

Card table byte_map: [0x042d0000,0x04360000] byte_map_base: 0x042ae000

Polling page: 0x00700000

CodeCache: size=32768Kb used=5137Kb max_used=5137Kb free=27630Kb
 bounds [0x022d0000, 0x027d8000, 0x042d0000]
 total_blobs=2370 nmethods=2114 adapters=194
 compilation: enabled

Compilation events (10 events):
Event: 100.647 Thread 0x148a7000 2155             java.awt.event.InputEvent::getModifiers (8 bytes)
Event: 100.647 Thread 0x148a7000 nmethod 2155 0x027c7088 code [0x027c7180, 0x027c7200]
Event: 101.135 Thread 0x148a7000 2156             sun.java2d.SunGraphics2D::transformShape (36 bytes)
Event: 101.135 Thread 0x148a7000 nmethod 2156 0x027c7248 code [0x027c7360, 0x027c7458]
Event: 102.301 Thread 0x148a7000 2157   !         java.awt.DefaultKeyboardFocusManager::dispatchEvent (1589 bytes)
Event: 102.313 Thread 0x148a7000 nmethod 2157 0x027c74c8 code [0x027c8200, 0x027cdd9c]
Event: 102.366 Thread 0x148a7000 2158   !         java.awt.KeyboardFocusManager::getGlobalFocusOwner (20 bytes)
Event: 102.366 Thread 0x148a7000 nmethod 2158 0x027d3fc8 code [0x027d40f0, 0x027d4344]
Event: 103.383 Thread 0x148a7000 2159   !         java.util.concurrent.locks.AbstractQueuedSynchronizer::acquireQueued (93 bytes)
Event: 103.384 Thread 0x148a7000 nmethod 2159 0x027d4508 code [0x027d4670, 0x027d4988]

GC Heap History (10 events):
Event: 8.052 GC heap before
{Heap before GC invocations=47 (full 4):
 def new generation   total 10752K, used 10751K [0x04400000, 0x04fa0000, 0x09950000)
  eden space 9600K, 100% used [0x04400000, 0x04d60000, 0x04d60000)
  from space 1152K,  99% used [0x04d60000, 0x04e7fff8, 0x04e80000)
  to   space 1152K,   0% used [0x04e80000, 0x04e80000, 0x04fa0000)
 tenured generation   total 23728K, used 22744K [0x09950000, 0x0b07c000, 0x14400000)
   the space 23728K,  95% used [0x09950000, 0x0af86128, 0x0af86200, 0x0b07c000)
 Metaspace       used 22929K, capacity 23258K, committed 23424K, reserved 23936K
Event: 8.111 GC heap after
Heap after GC invocations=48 (full 5):
 def new generation   total 17920K, used 575K [0x04400000, 0x05770000, 0x09950000)
  eden space 15936K,   3% used [0x04400000, 0x0448fda8, 0x05390000)
  from space 1984K,   0% used [0x05390000, 0x05390000, 0x05580000)
  to   space 1984K,   0% used [0x05580000, 0x05580000, 0x05770000)
 tenured generation   total 39760K, used 23855K [0x09950000, 0x0c024000, 0x14400000)
   the space 39760K,  59% used [0x09950000, 0x0b09bf00, 0x0b09c000, 0x0c024000)
 Metaspace       used 22929K, capacity 23258K, committed 23424K, reserved 23936K
}
Event: 8.422 GC heap before
{Heap before GC invocations=48 (full 5):
 def new generation   total 17920K, used 15936K [0x04400000, 0x05770000, 0x09950000)
  eden space 15936K, 100% used [0x04400000, 0x05390000, 0x05390000)
  from space 1984K,   0% used [0x05390000, 0x05390000, 0x05580000)
  to   space 1984K,   0% used [0x05580000, 0x05580000, 0x05770000)
 tenured generation   total 39760K, used 23855K [0x09950000, 0x0c024000, 0x14400000)
   the space 39760K,  59% used [0x09950000, 0x0b09bf00, 0x0b09c000, 0x0c024000)
 Metaspace       used 23008K, capacity 23370K, committed 23552K, reserved 23936K
Event: 8.435 GC heap after
Heap after GC invocations=49 (full 5):
 def new generation   total 17920K, used 1062K [0x04400000, 0x05770000, 0x09950000)
  eden space 15936K,   0% used [0x04400000, 0x04400000, 0x05390000)
  from space 1984K,  53% used [0x05580000, 0x056899f0, 0x05770000)
  to   space 1984K,   0% used [0x05390000, 0x05390000, 0x05580000)
 tenured generation   total 39760K, used 23855K [0x09950000, 0x0c024000, 0x14400000)
   the space 39760K,  59% used [0x09950000, 0x0b09bf00, 0x0b09c000, 0x0c024000)
 Metaspace       used 23008K, capacity 23370K, committed 23552K, reserved 23936K
}
Event: 8.877 GC heap before
{Heap before GC invocations=49 (full 5):
 def new generation   total 17920K, used 16998K [0x04400000, 0x05770000, 0x09950000)
  eden space 15936K, 100% used [0x04400000, 0x05390000, 0x05390000)
  from space 1984K,  53% used [0x05580000, 0x056899f0, 0x05770000)
  to   space 1984K,   0% used [0x05390000, 0x05390000, 0x05580000)
 tenured generation   total 39760K, used 23855K [0x09950000, 0x0c024000, 0x14400000)
   the space 39760K,  59% used [0x09950000, 0x0b09bf00, 0x0b09c000, 0x0c024000)
 Metaspace       used 24663K, capacity 25034K, committed 25216K, reserved 25984K
Event: 8.885 GC heap after
Heap after GC invocations=50 (full 5):
 def new generation   total 17920K, used 1984K [0x04400000, 0x05770000, 0x09950000)
  eden space 15936K,   0% used [0x04400000, 0x04400000, 0x05390000)
  from space 1984K, 100% used [0x05390000, 0x05580000, 0x05580000)
  to   space 1984K,   0% used [0x05580000, 0x05580000, 0x05770000)
 tenured generation   total 39760K, used 25791K [0x09950000, 0x0c024000, 0x14400000)
   the space 39760K,  64% used [0x09950000, 0x0b27fe38, 0x0b280000, 0x0c024000)
 Metaspace       used 24663K, capacity 25034K, committed 25216K, reserved 25984K
}
Event: 9.307 GC heap before
{Heap before GC invocations=50 (full 5):
 def new generation   total 17920K, used 17920K [0x04400000, 0x05770000, 0x09950000)
  eden space 15936K, 100% used [0x04400000, 0x05390000, 0x05390000)
  from space 1984K, 100% used [0x05390000, 0x05580000, 0x05580000)
  to   space 1984K,   0% used [0x05580000, 0x05580000, 0x05770000)
 tenured generation   total 39760K, used 25791K [0x09950000, 0x0c024000, 0x14400000)
   the space 39760K,  64% used [0x09950000, 0x0b27fe38, 0x0b280000, 0x0c024000)
 Metaspace       used 25988K, capacity 26402K, committed 26496K, reserved 27008K
Event: 9.312 GC heap after
Heap after GC invocations=51 (full 5):
 def new generation   total 17920K, used 1597K [0x04400000, 0x05770000, 0x09950000)
  eden space 15936K,   0% used [0x04400000, 0x04400000, 0x05390000)
  from space 1984K,  80% used [0x05580000, 0x0570f410, 0x05770000)
  to   space 1984K,   0% used [0x05390000, 0x05390000, 0x05580000)
 tenured generation   total 39760K, used 26316K [0x09950000, 0x0c024000, 0x14400000)
   the space 39760K,  66% used [0x09950000, 0x0b3032c8, 0x0b303400, 0x0c024000)
 Metaspace       used 25988K, capacity 26402K, committed 26496K, reserved 27008K
}
Event: 9.766 GC heap before
{Heap before GC invocations=51 (full 5):
 def new generation   total 17920K, used 17533K [0x04400000, 0x05770000, 0x09950000)
  eden space 15936K, 100% used [0x04400000, 0x05390000, 0x05390000)
  from space 1984K,  80% used [0x05580000, 0x0570f410, 0x05770000)
  to   space 1984K,   0% used [0x05390000, 0x05390000, 0x05580000)
 tenured generation   total 39760K, used 26316K [0x09950000, 0x0c024000, 0x14400000)
   the space 39760K,  66% used [0x09950000, 0x0b3032c8, 0x0b303400, 0x0c024000)
 Metaspace       used 26480K, capacity 26944K, committed 27008K, reserved 27008K
Event: 9.780 GC heap after
Heap after GC invocations=52 (full 5):
 def new generation   total 17920K, used 872K [0x04400000, 0x05770000, 0x09950000)
  eden space 15936K,   0% used [0x04400000, 0x04400000, 0x05390000)
  from space 1984K,  43% used [0x05390000, 0x0546a2b0, 0x05580000)
  to   space 1984K,   0% used [0x05580000, 0x05580000, 0x05770000)
 tenured generation   total 39760K, used 26691K [0x09950000, 0x0c024000, 0x14400000)
   the space 39760K,  67% used [0x09950000, 0x0b360e40, 0x0b361000, 0x0c024000)
 Metaspace       used 26480K, capacity 26944K, committed 27008K, reserved 27008K
}

Deoptimization events (0 events):
No events

Internal exceptions (10 events):
Event: 35.073 Thread 0x1a176400 Exception <a 'java/security/PrivilegedActionException'> (0x04a6b798) thrown at [C:\re\workspace\8-2-build-windows-i586-cygwin\jdk8u25\1677\hotspot\src\share\vm\prims\jvm.cpp, line 1312]
Event: 35.073 Thread 0x1a176400 Exception <a 'java/security/PrivilegedActionException'> (0x04a6d400) thrown at [C:\re\workspace\8-2-build-windows-i586-cygwin\jdk8u25\1677\hotspot\src\share\vm\prims\jvm.cpp, line 1312]
Event: 35.074 Thread 0x1a176400 Exception <a 'java/security/PrivilegedActionException'> (0x04a736d0) thrown at [C:\re\workspace\8-2-build-windows-i586-cygwin\jdk8u25\1677\hotspot\src\share\vm\prims\jvm.cpp, line 1312]
Event: 35.074 Thread 0x1a176400 Exception <a 'java/security/PrivilegedActionException'> (0x04a74a40) thrown at [C:\re\workspace\8-2-build-windows-i586-cygwin\jdk8u25\1677\hotspot\src\share\vm\prims\jvm.cpp, line 1312]
Event: 35.074 Thread 0x1a176400 Exception <a 'java/security/PrivilegedActionException'> (0x04a78218) thrown at [C:\re\workspace\8-2-build-windows-i586-cygwin\jdk8u25\1677\hotspot\src\share\vm\prims\jvm.cpp, line 1312]
Event: 35.075 Thread 0x1a176400 Exception <a 'java/security/PrivilegedActionException'> (0x04a79cf8) thrown at [C:\re\workspace\8-2-build-windows-i586-cygwin\jdk8u25\1677\hotspot\src\share\vm\prims\jvm.cpp, line 1312]
Event: 35.075 Thread 0x1a176400 Exception <a 'java/security/PrivilegedActionException'> (0x04a7f8c8) thrown at [C:\re\workspace\8-2-build-windows-i586-cygwin\jdk8u25\1677\hotspot\src\share\vm\prims\jvm.cpp, line 1312]
Event: 35.076 Thread 0x1a176400 Exception <a 'java/security/PrivilegedActionException'> (0x04a81530) thrown at [C:\re\workspace\8-2-build-windows-i586-cygwin\jdk8u25\1677\hotspot\src\share\vm\prims\jvm.cpp, line 1312]
Event: 35.076 Thread 0x1a176400 Exception <a 'java/security/PrivilegedActionException'> (0x04a87808) thrown at [C:\re\workspace\8-2-build-windows-i586-cygwin\jdk8u25\1677\hotspot\src\share\vm\prims\jvm.cpp, line 1312]
Event: 35.077 Thread 0x1a176400 Exception <a 'java/security/PrivilegedActionException'> (0x04a8c5c8) thrown at [C:\re\workspace\8-2-build-windows-i586-cygwin\jdk8u25\1677\hotspot\src\share\vm\prims\jvm.cpp, line 1312]

Events (10 events):
Event: 76.193 Executing VM operation: RevokeBias
Event: 76.193 Executing VM operation: RevokeBias done
Event: 76.199 Executing VM operation: RevokeBias
Event: 76.199 Executing VM operation: RevokeBias done
Event: 76.283 Executing VM operation: RevokeBias
Event: 76.283 Executing VM operation: RevokeBias done
Event: 76.636 Executing VM operation: RevokeBias
Event: 76.636 Executing VM operation: RevokeBias done
Event: 76.659 Executing VM operation: RevokeBias
Event: 76.659 Executing VM operation: RevokeBias done


Dynamic libraries:
0x00c10000 - 0x00c40000 	C:\Program Files (x86)\Java\jre1.8.0_25\bin\javaw.exe
0x77ca0000 - 0x77e0e000 	C:\WINDOWS\SYSTEM32\ntdll.dll
0x76e50000 - 0x76f90000 	C:\WINDOWS\SYSTEM32\KERNEL32.DLL
0x76fe0000 - 0x770b7000 	C:\WINDOWS\SYSTEM32\KERNELBASE.dll
0x721e0000 - 0x72280000 	C:\WINDOWS\system32\apphelp.dll
0x59e40000 - 0x5a0a5000 	C:\WINDOWS\AppPatch\AcGenral.DLL
0x779f0000 - 0x77ab3000 	C:\WINDOWS\SYSTEM32\msvcrt.dll
0x77360000 - 0x773a1000 	C:\WINDOWS\SYSTEM32\sechost.dll
0x754a0000 - 0x754be000 	C:\WINDOWS\SYSTEM32\SspiCli.dll
0x77ac0000 - 0x77b05000 	C:\WINDOWS\SYSTEM32\SHLWAPI.dll
0x72090000 - 0x7217d000 	C:\WINDOWS\SYSTEM32\UxTheme.dll
0x77500000 - 0x77653000 	C:\WINDOWS\SYSTEM32\USER32.dll
0x75820000 - 0x7592e000 	C:\WINDOWS\SYSTEM32\GDI32.dll
0x721b0000 - 0x721d3000 	C:\WINDOWS\SYSTEM32\WINMM.dll
0x73460000 - 0x73473000 	C:\WINDOWS\SYSTEM32\samcli.dll
0x75990000 - 0x75ab8000 	C:\WINDOWS\SYSTEM32\ole32.dll
0x77830000 - 0x778c5000 	C:\WINDOWS\SYSTEM32\OLEAUT32.dll
0x67820000 - 0x67837000 	C:\WINDOWS\SYSTEM32\MSACM32.dll
0x74f30000 - 0x74f38000 	C:\WINDOWS\SYSTEM32\VERSION.dll
0x75ac0000 - 0x76d6c000 	C:\WINDOWS\SYSTEM32\SHELL32.dll
0x75410000 - 0x7542b000 	C:\WINDOWS\SYSTEM32\USERENV.dll
0x734e0000 - 0x734fa000 	C:\WINDOWS\SYSTEM32\dwmapi.dll
0x71340000 - 0x7148a000 	C:\WINDOWS\SYSTEM32\urlmon.dll
0x76d70000 - 0x76dec000 	C:\WINDOWS\SYSTEM32\ADVAPI32.dll
0x73250000 - 0x732b5000 	C:\WINDOWS\SYSTEM32\WINSPOOL.DRV
0x66140000 - 0x66156000 	C:\WINDOWS\SYSTEM32\MPR.dll
0x77b10000 - 0x77bca000 	C:\WINDOWS\SYSTEM32\RPCRT4.dll
0x75490000 - 0x7549a000 	C:\WINDOWS\SYSTEM32\CRYPTBASE.dll
0x754e0000 - 0x7565d000 	C:\WINDOWS\SYSTEM32\combase.dll
0x72180000 - 0x721a3000 	C:\WINDOWS\SYSTEM32\WINMMBASE.dll
0x753f0000 - 0x753ff000 	C:\WINDOWS\SYSTEM32\profapi.dll
0x74930000 - 0x74b62000 	C:\WINDOWS\SYSTEM32\iertutil.dll
0x74d50000 - 0x74f23000 	C:\WINDOWS\SYSTEM32\WININET.dll
0x75430000 - 0x75484000 	C:\WINDOWS\SYSTEM32\bcryptPrimitives.dll
0x75950000 - 0x7598c000 	C:\WINDOWS\SYSTEM32\cfgmgr32.dll
0x750a0000 - 0x750c1000 	C:\WINDOWS\SYSTEM32\DEVOBJ.dll
0x74860000 - 0x748eb000 	C:\WINDOWS\SYSTEM32\SHCORE.DLL
0x77440000 - 0x77467000 	C:\WINDOWS\system32\IMM32.DLL
0x778d0000 - 0x779e2000 	C:\WINDOWS\SYSTEM32\MSCTF.dll
0x71dc0000 - 0x71fc6000 	C:\WINDOWS\WinSxS\x86_microsoft.windows.common-controls_6595b64144ccf1df_6.0.9600.17784_none_a9f497a901334c74\COMCTL32.dll
0x5c350000 - 0x5c40f000 	C:\Program Files (x86)\Java\jre1.8.0_25\bin\msvcr100.dll
0x59a90000 - 0x59e34000 	C:\Program Files (x86)\Java\jre1.8.0_25\bin\client\jvm.dll
0x75010000 - 0x75018000 	C:\WINDOWS\SYSTEM32\WSOCK32.dll
0x754c0000 - 0x754c6000 	C:\WINDOWS\SYSTEM32\PSAPI.DLL
0x76f90000 - 0x76fe0000 	C:\WINDOWS\SYSTEM32\WS2_32.dll
0x77250000 - 0x77257000 	C:\WINDOWS\SYSTEM32\NSI.dll
0x67810000 - 0x6781c000 	C:\Program Files (x86)\Java\jre1.8.0_25\bin\verify.dll
0x5c320000 - 0x5c341000 	C:\Program Files (x86)\Java\jre1.8.0_25\bin\java.dll
0x5c2f0000 - 0x5c319000 	C:\Program Files (x86)\Java\jre1.8.0_25\bin\jdwp.dll
0x67800000 - 0x67807000 	C:\Program Files (x86)\Java\jre1.8.0_25\bin\npt.dll
0x5c2d0000 - 0x5c2e3000 	C:\Program Files (x86)\Java\jre1.8.0_25\bin\zip.dll
0x676f0000 - 0x676f8000 	C:\Program Files (x86)\Java\jre1.8.0_25\bin\dt_socket.dll
0x726f0000 - 0x72701000 	C:\WINDOWS\system32\napinsp.dll
0x726d0000 - 0x726e6000 	C:\WINDOWS\system32\pnrpnsp.dll
0x726b0000 - 0x726c4000 	C:\WINDOWS\system32\NLAapi.dll
0x727a0000 - 0x727eb000 	C:\WINDOWS\System32\mswsock.dll
0x74c30000 - 0x74cae000 	C:\WINDOWS\SYSTEM32\DNSAPI.dll
0x726a0000 - 0x726aa000 	C:\WINDOWS\System32\winrnr.dll
0x72770000 - 0x72791000 	C:\Program Files (x86)\Bonjour\mdnsNSP.dll
0x74c10000 - 0x74c30000 	C:\WINDOWS\SYSTEM32\Iphlpapi.DLL
0x74920000 - 0x74928000 	C:\WINDOWS\SYSTEM32\WINNSI.DLL
0x72710000 - 0x72756000 	C:\WINDOWS\System32\fwpuclnt.dll
0x72760000 - 0x72768000 	C:\Windows\System32\rasadhlp.dll
0x74560000 - 0x74579000 	C:\WINDOWS\SYSTEM32\CRYPTSP.dll
0x74530000 - 0x74560000 	C:\WINDOWS\system32\rsaenh.dll
0x74510000 - 0x7452e000 	C:\WINDOWS\SYSTEM32\bcrypt.dll
0x5c2b0000 - 0x5c2c5000 	C:\Program Files (x86)\Java\jre1.8.0_25\bin\net.dll
0x733a0000 - 0x733b3000 	C:\WINDOWS\SYSTEM32\dhcpcsvc6.DLL
0x73380000 - 0x73394000 	C:\WINDOWS\SYSTEM32\dhcpcsvc.DLL
0x66c30000 - 0x66c3f000 	C:\Program Files (x86)\Java\jre1.8.0_25\bin\nio.dll
0x59940000 - 0x59a86000 	C:\Program Files (x86)\Java\jre1.8.0_25\bin\awt.dll
0x73d50000 - 0x73d59000 	C:\WINDOWS\SYSTEM32\kernel.appcore.dll
0x64280000 - 0x64453000 	C:\WINDOWS\system32\d3d9.dll
0x69070000 - 0x691a7000 	C:\WINDOWS\SYSTEM32\nvumdshim.dll
0x75660000 - 0x75811000 	C:\WINDOWS\SYSTEM32\SETUPAPI.dll
0x69040000 - 0x69069000 	C:\WINDOWS\system32\nvinit.dll
0x14cb0000 - 0x14cb6000 	C:\Program Files (x86)\NVIDIA Corporation\CoProcManager\detoured.dll
0x68fe0000 - 0x69033000 	C:\Program Files (x86)\NVIDIA Corporation\CoProcManager\nvd3d9wrap.dll
0x68fa0000 - 0x68fdb000 	C:\Program Files (x86)\NVIDIA Corporation\CoProcManager\nvdxgiwrap.dll
0x63690000 - 0x64179000 	C:\WINDOWS\system32\igdumdim32.dll
0x67f90000 - 0x682f1000 	C:\WINDOWS\SYSTEM32\igdusc32.dll
0x5c010000 - 0x5c048000 	C:\Program Files (x86)\Java\jre1.8.0_25\bin\fontmanager.dll
0x5b300000 - 0x5b38c000 	C:\WINDOWS\system32\RICHED20.DLL
0x70ea0000 - 0x70eb6000 	C:\WINDOWS\SYSTEM32\USP10.dll
0x5bd00000 - 0x5bd33000 	C:\WINDOWS\SYSTEM32\msls31.dll
0x59890000 - 0x598c0000 	C:\Program Files (x86)\Java\jre1.8.0_25\bin\t2k.dll
0x6a410000 - 0x6a551000 	C:\WINDOWS\SYSTEM32\dbghelp.dll

VM Arguments:
jvm_args: -agentlib:jdwp=transport=dt_socket,suspend=y,address=localhost:53032 -Dfile.encoding=Cp1252 
java_command: icaro.infraestructura.clasesGeneradorasOrganizacion.ArranqueSistemaConCrtlGestorO descripcionAplicacionChatters
java_class_path (initial): C:\Users\Paloma\workspace\MovieChatter\build\classes;C:\Users\Paloma\workspace\MovieChatter\lib\httpclient-4.4.jar;C:\Users\Paloma\workspace\MovieChatter\lib\httpcore-4.4.1.jar;C:\Users\Paloma\workspace\MovieChatter\lib\json-simple-1.1.1.jar;C:\Users\Paloma\workspace\MovieChatter\lib\xercesImpl-2.9.1.jar;C:\Users\Paloma\workspace\MovieChatter\lib\tika-core-1.5.jar;C:\Users\Paloma\workspace\MovieChatter\lib\tika-parsers-1.5.jar;C:\Users\Paloma\workspace\MovieChatter\lib\jaxen-1.1.6.jar;C:\Users\Paloma\workspace\MovieChatter\lib\org.eclipse.jdt.core_3.2.3.v_686_R32x.jar;C:\Users\Paloma\workspace\MovieChatter\lib\jdom-1.1.3.jar;C:\Users\Paloma\workspace\MovieChatter\lib\xstream-1.4.7.jar;C:\Users\Paloma\workspace\MovieChatter\lib\antlr-runtime-3.3.jar;C:\Users\Paloma\workspace\MovieChatter\lib\ant.jar;C:\Users\Paloma\workspace\MovieChatter\lib\antlr-3.3.jar;C:\Users\Paloma\workspace\MovieChatter\lib\Drools\drools-compiler-5.5.0.Final.jar;C:\Users\Paloma\workspace\MovieChatter\lib\Drools\drools-core-5.5.0.Final.jar;C:\Users\Paloma\workspace\MovieChatter\lib\Drools\knowledge-api-5.5.0.Final.jar;C:\Users\Paloma\workspace\MovieChatter\lib\Drools\knowledge-internal-api-5.5.0.Final.jar;C:\Users\Paloma\workspace\MovieChatter\lib\Drools\mvel2-2.1.3.Final.jar;C:\Users\Paloma\workspace\MovieChatter\lib\Drools\slf4j-api-1.6.4.jar;C:\Users\Paloma\workspace\MovieChatter\lib\Gate\commons-codec-1.5.jar;C:\Users\Paloma\workspace\MovieChatter\lib\Gate\commons-compress-1.5.jar;C:\Users\Paloma\workspace\MovieChatter\lib\Gate\commons-io-2.4.jar;C:\Users\Paloma\workspace\MovieChatter\lib\Gate\commons-lang-2.6.jar;C:\Users\Paloma\workspace\MovieChatter\lib\Gate\commons-logging-1.2.jar;C:\Users\Paloma\workspace\MovieChatter\lib\Gate\gate-asm-3.1.jar;C:\Users\Paloma\workspace\MovieChatter\lib\Gate\gate-compiler-jdt-4.3.2-P20140317-1600.jar;C:\Users\Paloma\workspace\MovieChatter\lib\Gate\gate.jar;C:\Users\Paloma\workspace\MovieChatter\lib\Gate\gateLauncher.jar;C:\U
Launcher Type: SUN_STANDARD

Environment Variables:
JAVA_HOME=C:\Program Files\Java\jdk1.8.0_25
PATH=C:\ProgramData\Oracle\Java\javapath;C:\Program Files (x86)\NVIDIA Corporation\PhysX\Common;C:\Program Files (x86)\Intel\iCLS Client\;C:\Program Files\Intel\iCLS Client\;C:\Windows\system32;C:\Windows;C:\Windows\System32\Wbem;C:\Windows\System32\WindowsPowerShell\v1.0\;C:\Program Files (x86)\Windows Live\Shared;C:\Program Files\Intel\Intel(R) Management Engine Components\DAL;C:\Program Files\Intel\Intel(R) Management Engine Components\IPT;C:\Program Files (x86)\Intel\Intel(R) Management Engine Components\DAL;C:\Program Files (x86)\Intel\Intel(R) Management Engine Components\IPT;C:\Program Files (x86)\Intel\OpenCL SDK\2.0\bin\x86;C:\Program Files (x86)\Intel\OpenCL SDK\2.0\bin\x64;C:\Program Files\Calibre2\;C:\Program Files\MiKTeX\miktex\bin\x64\;C:\WINDOWS\system32;C:\WINDOWS;C:\WINDOWS\System32\Wbem;C:\WINDOWS\System32\WindowsPowerShell\v1.0\;C:\Users\Paloma\AppData\Local\MaudeFW\cygwin\bin;C:\Program Files\Microsoft\Web Platform Installer\;C:\Program Files (x86)\Microsoft ASP.NET\ASP.NET Web Pages\v1.0\;C:\Program Files (x86)\Windows Kits\8.0\Windows Performance Toolkit\;C:\Program Files\Microsoft SQL Server\110\Tools\Binn\;C:\Program Files (x86)\Skype\Phone\;
USERNAME=Paloma
OS=Windows_NT
PROCESSOR_IDENTIFIER=Intel64 Family 6 Model 58 Stepping 9, GenuineIntel



---------------  S Y S T E M  ---------------

OS: Windows 8.1 , 64 bit Build 9600 

CPU:total 4 (2 cores per cpu, 2 threads per core) family 6 model 58 stepping 9, cmov, cx8, fxsr, mmx, sse, sse2, sse3, ssse3, sse4.1, sse4.2, popcnt, avx, aes, clmul, erms, ht, tsc, tscinvbit, tscinv

Memory: 4k page, physical 8271412k(4503412k free), swap 9582132k(5302088k free)

vm_info: Java HotSpot(TM) Client VM (25.25-b02) for windows-x86 JRE (1.8.0_25-b18), built on Oct  7 2014 14:31:05 by "java_re" with MS VC++ 10.0 (VS2010)

time: Fri May 15 16:08:45 2015
elapsed time: 105 seconds (0d 0h 1m 45s)

