#
# A fatal error has been detected by the Java Runtime Environment:
#
#  EXCEPTION_ACCESS_VIOLATION (0xc0000005) at pc=0x02b6aff5, pid=2152, tid=1740
#
# JRE version: Java(TM) SE Runtime Environment (8.0_25-b18) (build 1.8.0_25-b18)
# Java VM: Java HotSpot(TM) Client VM (25.25-b02 mixed mode windows-x86 )
# Problematic frame:
# j  java.awt.DefaultKeyboardFocusManager.dispatchEvent(Ljava/awt/AWTEvent;)Z+1428
#
# Failed to write core dump. Minidumps are not enabled by default on client versions of Windows
#
# If you would like to submit a bug report, please visit:
#   http://bugreport.sun.com/bugreport/crash.jsp
#

---------------  T H R E A D  ---------------

Current thread (0x16455c00):  JavaThread "AWT-EventQueue-0" [_thread_in_Java, id=1740, stack(0x18b90000,0x18be0000)]

siginfo: ExceptionCode=0xc0000005, reading address 0x090c0c38

Registers:
EAX=0x150343a0, EBX=0x090c0c0c, ECX=0x0adc8bd0, EDX=0x16455c00
ESP=0x18bddf84, EBP=0x18bddfac, ESI=0x18bddf88, EDI=0x18bddfdc
EIP=0x02b6aff5, EFLAGS=0x00010246

Top of Stack: (sp=0x18bddf84)
0x18bddf84:   02b54114 0adc8bd0 18bddf8c 16dfaefc
0x18bddf94:   18bddfdc 16dfc440 00000000 16dfafb0
0x18bddfa4:   18bddf88 18bddfd8 18bde000 02b53c60
0x18bddfb4:   00000000 00000000 00000000 0ade7890
0x18bddfc4:   0adc8bd0 0adc8078 0adc8078 0adc8078
0x18bddfd4:   058ad420 058ad420 0a2c2d88 18bddfe0
0x18bddfe4:   14deb89f 18bde024 150011c0 00000000
0x18bddff4:   14debb80 18bddfd8 18bde020 18bde048 

Instructions: (pc=0x02b6aff5)
0x02b6afd5:   00 00 8d 74 24 04 89 75 f8 64 8b 14 25 00 00 00
0x02b6afe5:   00 8b 52 f4 80 ba 1c 02 00 00 00 74 03 ff 63 1c
0x02b6aff5:   ff 63 2c 00 00 00 00 00 00 00 00 80 01 00 00 54
0x02b6b005:   c1 1a 6d b7 00 00 00 00 00 00 00 83 ec 04 d9 1c 


Register to memory mapping:

EAX=0x150343a0 is pointing into metadata
EBX=0x090c0c0c is an unallocated location in the heap
ECX=0x0adc8bd0 is an oop
java.awt.TextArea 
 - klass: 'java/awt/TextArea'
EDX=0x16455c00 is a thread
ESP=0x18bddf84 is pointing into the stack for thread: 0x16455c00
EBP=0x18bddfac is pointing into the stack for thread: 0x16455c00
ESI=0x18bddf88 is pointing into the stack for thread: 0x16455c00
EDI=0x18bddfdc is pointing into the stack for thread: 0x16455c00


Stack: [0x18b90000,0x18be0000],  sp=0x18bddf84,  free space=311k
Native frames: (J=compiled Java code, j=interpreted, Vv=VM code, C=native code)
j  java.awt.DefaultKeyboardFocusManager.dispatchEvent(Ljava/awt/AWTEvent;)Z+1428
j  java.awt.Component.dispatchEventImpl(Ljava/awt/AWTEvent;)V+151
j  java.awt.Container.dispatchEventImpl(Ljava/awt/AWTEvent;)V+42
j  java.awt.Window.dispatchEventImpl(Ljava/awt/AWTEvent;)V+19
J 2093 C1 java.awt.EventQueue.dispatchEventImpl(Ljava/awt/AWTEvent;Ljava/lang/Object;)V (149 bytes) @ 0x03037b6c [0x03037770+0x3fc]
J 2068 C1 java.awt.EventQueue$3.run()Ljava/lang/Void; (60 bytes) @ 0x0302e368 [0x0302e300+0x68]
J 2067 C1 java.awt.EventQueue$3.run()Ljava/lang/Object; (5 bytes) @ 0x0302e0e8 [0x0302e0c0+0x28]
v  ~StubRoutines::call_stub
V  [jvm.dll+0x147285]
V  [jvm.dll+0x20d19e]
V  [jvm.dll+0x14731e]
V  [jvm.dll+0xfc4df]
C  [java.dll+0x102f]
J 2027 C1 java.security.ProtectionDomain$1.doIntersectionPrivilege(Ljava/security/PrivilegedAction;Ljava/security/AccessControlContext;Ljava/security/AccessControlContext;)Ljava/lang/Object; (32 bytes) @ 0x03024b98 [0x03024af0+0xa8]
j  java.security.ProtectionDomain$1.doIntersectionPrivilege(Ljava/security/PrivilegedAction;Ljava/security/AccessControlContext;)Ljava/lang/Object;+6
j  java.awt.EventQueue$4.run()Ljava/lang/Void;+11
j  java.awt.EventQueue$4.run()Ljava/lang/Object;+1
v  ~StubRoutines::call_stub
V  [jvm.dll+0x147285]
V  [jvm.dll+0x20d19e]
V  [jvm.dll+0x14731e]
V  [jvm.dll+0xfc4df]
C  [java.dll+0x102f]
J 2091 C1 java.awt.EventQueue.dispatchEvent(Ljava/awt/AWTEvent;)V (80 bytes) @ 0x03036954 [0x03036690+0x2c4]
j  java.awt.SequencedEvent.dispatch()V+108
J 2093 C1 java.awt.EventQueue.dispatchEventImpl(Ljava/awt/AWTEvent;Ljava/lang/Object;)V (149 bytes) @ 0x03037be0 [0x03037770+0x470]
J 2068 C1 java.awt.EventQueue$3.run()Ljava/lang/Void; (60 bytes) @ 0x0302e368 [0x0302e300+0x68]
J 2067 C1 java.awt.EventQueue$3.run()Ljava/lang/Object; (5 bytes) @ 0x0302e0e8 [0x0302e0c0+0x28]
v  ~StubRoutines::call_stub
V  [jvm.dll+0x147285]
V  [jvm.dll+0x20d19e]
V  [jvm.dll+0x14731e]
V  [jvm.dll+0xfc4df]
C  [java.dll+0x102f]
J 2027 C1 java.security.ProtectionDomain$1.doIntersectionPrivilege(Ljava/security/PrivilegedAction;Ljava/security/AccessControlContext;Ljava/security/AccessControlContext;)Ljava/lang/Object; (32 bytes) @ 0x03024b98 [0x03024af0+0xa8]
j  java.security.ProtectionDomain$1.doIntersectionPrivilege(Ljava/security/PrivilegedAction;Ljava/security/AccessControlContext;)Ljava/lang/Object;+6
j  java.awt.EventQueue$4.run()Ljava/lang/Void;+11
j  java.awt.EventQueue$4.run()Ljava/lang/Object;+1
v  ~StubRoutines::call_stub
V  [jvm.dll+0x147285]
V  [jvm.dll+0x20d19e]
V  [jvm.dll+0x14731e]
V  [jvm.dll+0xfc4df]
C  [java.dll+0x102f]
J 2091 C1 java.awt.EventQueue.dispatchEvent(Ljava/awt/AWTEvent;)V (80 bytes) @ 0x03036954 [0x03036690+0x2c4]
J 2020 C1 java.awt.EventDispatchThread.pumpOneEventForFilters(I)V (295 bytes) @ 0x030213d0 [0x03020cd0+0x700]
j  java.awt.EventDispatchThread.pumpEventsForFilter(ILjava/awt/Conditional;Ljava/awt/EventFilter;)V+35
j  java.awt.EventDispatchThread.pumpEventsForHierarchy(ILjava/awt/Conditional;Ljava/awt/Component;)V+11
j  java.awt.EventDispatchThread.pumpEvents(ILjava/awt/Conditional;)V+4
j  java.awt.EventDispatchThread.pumpEvents(Ljava/awt/Conditional;)V+3
j  java.awt.EventDispatchThread.run()V+9
v  ~StubRoutines::call_stub
V  [jvm.dll+0x147285]
V  [jvm.dll+0x20d19e]
V  [jvm.dll+0x14731e]
V  [jvm.dll+0x1474a6]
V  [jvm.dll+0x147517]
V  [jvm.dll+0xf06bf]
V  [jvm.dll+0x1698cc]
V  [jvm.dll+0x16a15a]
V  [jvm.dll+0x1aee06]
C  [msvcr100.dll+0x5c556]
C  [msvcr100.dll+0x5c600]
C  [KERNEL32.DLL+0x1919f]
C  [ntdll.dll+0x5b5af]
C  [ntdll.dll+0x5b57a]
C  0x00000000


---------------  P R O C E S S  ---------------

Java Threads: ( => current thread )
  0x1a176400 JavaThread "HebraMonitorizacion del agente reactivo AgenteReactivoImp2[UnicastServerRef [liveRef: [endpoint:[192.168.1.112:64567](local),objID:[71278335:14d4ea66df5:-7ff9, -7828543935335458932]]]]" daemon [_thread_blocked, id=2456, stack(0x189c0000,0x18a10000)]
  0x1a174c00 JavaThread "Thread-13" daemon [_thread_blocked, id=7480, stack(0x18930000,0x18980000)]
  0x1a175800 JavaThread "Thread-9" daemon [_thread_blocked, id=4672, stack(0x188a0000,0x188f0000)]
  0x1a173800 JavaThread "Thread-12" daemon [_thread_blocked, id=5876, stack(0x18710000,0x18760000)]
  0x19eb6400 JavaThread "Thread-11" daemon [_thread_in_native, id=5944, stack(0x18680000,0x186d0000)]
  0x19eb5c00 JavaThread "Thread-10" daemon [_thread_blocked, id=7308, stack(0x1c300000,0x1c350000)]
  0x19eb4400 JavaThread "Thread-8" daemon [_thread_blocked, id=5508, stack(0x1c270000,0x1c2c0000)]
  0x19eb3c00 JavaThread "TimerQueue" daemon [_thread_blocked, id=6328, stack(0x1bfe0000,0x1c030000)]
  0x19eb3000 JavaThread "HebraMonitorizacion del agente reactivo AgenteReactivoImp2[UnicastServerRef [liveRef: [endpoint:[192.168.1.112:64567](local),objID:[71278335:14d4ea66df5:-7ffa, -4272348433960129538]]]]" daemon [_thread_blocked, id=6112, stack(0x1ba50000,0x1baa0000)]
  0x19eb3800 JavaThread "Thread-7" daemon [_thread_blocked, id=5132, stack(0x1b9c0000,0x1ba10000)]
  0x19eb2c00 JavaThread "HebraMonitorizacion del agente reactivo AgenteReactivoImp2[UnicastServerRef [liveRef: [endpoint:[192.168.1.112:64567](local),objID:[71278335:14d4ea66df5:-7ffb, 9087623110181088980]]]]" daemon [_thread_blocked, id=4796, stack(0x1b830000,0x1b880000)]
  0x19eb4800 JavaThread "Thread-6" daemon [_thread_blocked, id=7668, stack(0x1b7a0000,0x1b7f0000)]
  0x19d44000 JavaThread "Thread-5" daemon [_thread_blocked, id=5040, stack(0x19a90000,0x19ae0000)]
  0x19d2b000 JavaThread "Thread-4" daemon [_thread_blocked, id=3096, stack(0x1acf0000,0x1ad40000)]
  0x02993c00 JavaThread "DestroyJavaVM" [_thread_blocked, id=5396, stack(0x00f20000,0x00f70000)]
  0x16585c00 JavaThread "D3D Screen Updater" daemon [_thread_blocked, id=7232, stack(0x19190000,0x191e0000)]
=>0x16455c00 JavaThread "AWT-EventQueue-0" [_thread_in_Java, id=1740, stack(0x18b90000,0x18be0000)]
  0x16429c00 JavaThread "AWT-Windows" daemon [_thread_in_native, id=4992, stack(0x17090000,0x170e0000)]
  0x16428400 JavaThread "AWT-Shutdown" [_thread_blocked, id=6868, stack(0x17000000,0x17050000)]
  0x16427c00 JavaThread "Java2D Disposer" daemon [_thread_blocked, id=7060, stack(0x16f70000,0x16fc0000)]
  0x162c7400 JavaThread "GC Daemon" daemon [_thread_blocked, id=3032, stack(0x16900000,0x16950000)]
  0x16370c00 JavaThread "RMI Reaper" [_thread_blocked, id=4888, stack(0x16870000,0x168c0000)]
  0x16322000 JavaThread "RMI TCP Accept-0" daemon [_thread_in_native, id=7912, stack(0x167e0000,0x16830000)]
  0x15134c00 JavaThread "Service Thread" daemon [_thread_blocked, id=2752, stack(0x15ac0000,0x15b10000)]
  0x15110c00 JavaThread "C1 CompilerThread0" daemon [_thread_blocked, id=3492, stack(0x15a30000,0x15a80000)]
  0x15103800 JavaThread "JDWP Command Reader" daemon [_thread_in_native, id=6764, stack(0x159a0000,0x159f0000)]
  0x150fcc00 JavaThread "JDWP Event Helper Thread" daemon [_thread_blocked, id=4140, stack(0x15620000,0x15670000)]
  0x150fa400 JavaThread "JDWP Transport Listener: dt_socket" daemon [_thread_blocked, id=156, stack(0x15590000,0x155e0000)]
  0x150e9800 JavaThread "Attach Listener" daemon [_thread_blocked, id=2672, stack(0x15500000,0x15550000)]
  0x150f3c00 JavaThread "Signal Dispatcher" daemon [_thread_blocked, id=1640, stack(0x15470000,0x154c0000)]
  0x150cac00 JavaThread "Finalizer" daemon [_thread_blocked, id=6552, stack(0x153e0000,0x15430000)]
  0x150c4c00 JavaThread "Reference Handler" daemon [_thread_blocked, id=2704, stack(0x15350000,0x153a0000)]

Other Threads:
  0x150c2400 VMThread [stack: 0x152c0000,0x15310000] [id=6976]
  0x15136000 WatcherThread [stack: 0x15b50000,0x15ba0000] [id=2308]

VM state:not at safepoint (normal execution)

VM Mutex/Monitor currently owned by a thread: None

Heap:
 def new generation   total 18368K, used 13379K [0x04c00000, 0x05fe0000, 0x0a150000)
  eden space 16384K,  79% used [0x04c00000, 0x058aea70, 0x05c00000)
  from space 1984K,  19% used [0x05c00000, 0x05c624d0, 0x05df0000)
  to   space 1984K,   0% used [0x05df0000, 0x05df0000, 0x05fe0000)
 tenured generation   total 40552K, used 28355K [0x0a150000, 0x0c8ea000, 0x14c00000)
   the space 40552K,  69% used [0x0a150000, 0x0bd00d80, 0x0bd00e00, 0x0c8ea000)
 Metaspace       used 27736K, capacity 28204K, committed 28288K, reserved 29056K

Card table byte_map: [0x04b50000,0x04be0000] byte_map_base: 0x04b2a000

Polling page: 0x00f70000

CodeCache: size=32768Kb used=5043Kb max_used=5043Kb free=27724Kb
 bounds [0x02b50000, 0x03040000, 0x04b50000]
 total_blobs=2317 nmethods=2061 adapters=194
 compilation: enabled

Compilation events (10 events):
Event: 138.343 Thread 0x15110c00 2111   !         sun.awt.AWTAutoShutdown::notifyThreadBusy (88 bytes)
Event: 138.343 Thread 0x15110c00 nmethod 2111 0x0303c208 code [0x0303c350, 0x0303c7c0]
Event: 141.085 Thread 0x15110c00 2112             java.awt.Toolkit::notifyAWTEventListeners (36 bytes)
Event: 141.085 Thread 0x15110c00 nmethod 2112 0x0303ce48 code [0x0303cf70, 0x0303d0b4]
Event: 141.591 Thread 0x15110c00 2113             sun.awt.SunHints$Value::hashCode (5 bytes)
Event: 141.592 Thread 0x15110c00 nmethod 2113 0x0303d1c8 code [0x0303d2c0, 0x0303d35c]
Event: 141.592 Thread 0x15110c00 2114             sun.java2d.d3d.D3DGraphicsDevice::getContext (5 bytes)
Event: 141.593 Thread 0x15110c00 nmethod 2114 0x0303d3c8 code [0x0303d4c0, 0x0303d540]
Event: 142.088 Thread 0x15110c00 2115             sun.awt.windows.WGlobalCursorManager::getCursorManager (20 bytes)
Event: 142.089 Thread 0x15110c00 nmethod 2115 0x0303d588 code [0x0303d690, 0x0303d810]

GC Heap History (10 events):
Event: 8.533 GC heap before
{Heap before GC invocations=85 (full 5):
 def new generation   total 18368K, used 18368K [0x04c00000, 0x05fe0000, 0x0a150000)
  eden space 16384K, 100% used [0x04c00000, 0x05c00000, 0x05c00000)
  from space 1984K, 100% used [0x05df0000, 0x05fe0000, 0x05fe0000)
  to   space 1984K,   0% used [0x05c00000, 0x05c00000, 0x05df0000)
 tenured generation   total 40552K, used 24610K [0x0a150000, 0x0c8ea000, 0x14c00000)
   the space 40552K,  60% used [0x0a150000, 0x0b9588d8, 0x0b958a00, 0x0c8ea000)
 Metaspace       used 25680K, capacity 26056K, committed 26112K, reserved 27008K
Event: 8.540 GC heap after
Heap after GC invocations=86 (full 5):
 def new generation   total 18368K, used 1983K [0x04c00000, 0x05fe0000, 0x0a150000)
  eden space 16384K,   0% used [0x04c00000, 0x04c00000, 0x05c00000)
  from space 1984K,  99% used [0x05c00000, 0x05defff8, 0x05df0000)
  to   space 1984K,   0% used [0x05df0000, 0x05df0000, 0x05fe0000)
 tenured generation   total 40552K, used 26287K [0x0a150000, 0x0c8ea000, 0x14c00000)
   the space 40552K,  64% used [0x0a150000, 0x0bafbfd8, 0x0bafc000, 0x0c8ea000)
 Metaspace       used 25680K, capacity 26056K, committed 26112K, reserved 27008K
}
Event: 8.727 GC heap before
{Heap before GC invocations=86 (full 5):
 def new generation   total 18368K, used 18367K [0x04c00000, 0x05fe0000, 0x0a150000)
  eden space 16384K, 100% used [0x04c00000, 0x05c00000, 0x05c00000)
  from space 1984K,  99% used [0x05c00000, 0x05defff8, 0x05df0000)
  to   space 1984K,   0% used [0x05df0000, 0x05df0000, 0x05fe0000)
 tenured generation   total 40552K, used 26287K [0x0a150000, 0x0c8ea000, 0x14c00000)
   the space 40552K,  64% used [0x0a150000, 0x0bafbfd8, 0x0bafc000, 0x0c8ea000)
 Metaspace       used 25962K, capacity 26344K, committed 26496K, reserved 27008K
Event: 8.732 GC heap after
Heap after GC invocations=87 (full 5):
 def new generation   total 18368K, used 1084K [0x04c00000, 0x05fe0000, 0x0a150000)
  eden space 16384K,   0% used [0x04c00000, 0x04c00000, 0x05c00000)
  from space 1984K,  54% used [0x05df0000, 0x05eff0a0, 0x05fe0000)
  to   space 1984K,   0% used [0x05c00000, 0x05c00000, 0x05df0000)
 tenured generation   total 40552K, used 26898K [0x0a150000, 0x0c8ea000, 0x14c00000)
   the space 40552K,  66% used [0x0a150000, 0x0bb94a68, 0x0bb94c00, 0x0c8ea000)
 Metaspace       used 25962K, capacity 26344K, committed 26496K, reserved 27008K
}
Event: 8.979 GC heap before
{Heap before GC invocations=87 (full 5):
 def new generation   total 18368K, used 17468K [0x04c00000, 0x05fe0000, 0x0a150000)
  eden space 16384K, 100% used [0x04c00000, 0x05c00000, 0x05c00000)
  from space 1984K,  54% used [0x05df0000, 0x05eff0a0, 0x05fe0000)
  to   space 1984K,   0% used [0x05c00000, 0x05c00000, 0x05df0000)
 tenured generation   total 40552K, used 26898K [0x0a150000, 0x0c8ea000, 0x14c00000)
   the space 40552K,  66% used [0x0a150000, 0x0bb94a68, 0x0bb94c00, 0x0c8ea000)
 Metaspace       used 27157K, capacity 27584K, committed 27648K, reserved 28032K
Event: 8.983 GC heap after
Heap after GC invocations=88 (full 5):
 def new generation   total 18368K, used 1806K [0x04c00000, 0x05fe0000, 0x0a150000)
  eden space 16384K,   0% used [0x04c00000, 0x04c00000, 0x05c00000)
  from space 1984K,  91% used [0x05c00000, 0x05dc3b70, 0x05df0000)
  to   space 1984K,   0% used [0x05df0000, 0x05df0000, 0x05fe0000)
 tenured generation   total 40552K, used 27800K [0x0a150000, 0x0c8ea000, 0x14c00000)
   the space 40552K,  68% used [0x0a150000, 0x0bc76270, 0x0bc76400, 0x0c8ea000)
 Metaspace       used 27157K, capacity 27584K, committed 27648K, reserved 28032K
}
Event: 9.188 GC heap before
{Heap before GC invocations=88 (full 5):
 def new generation   total 18368K, used 18190K [0x04c00000, 0x05fe0000, 0x0a150000)
  eden space 16384K, 100% used [0x04c00000, 0x05c00000, 0x05c00000)
  from space 1984K,  91% used [0x05c00000, 0x05dc3b70, 0x05df0000)
  to   space 1984K,   0% used [0x05df0000, 0x05df0000, 0x05fe0000)
 tenured generation   total 40552K, used 27800K [0x0a150000, 0x0c8ea000, 0x14c00000)
   the space 40552K,  68% used [0x0a150000, 0x0bc76270, 0x0bc76400, 0x0c8ea000)
 Metaspace       used 27298K, capacity 27716K, committed 27776K, reserved 28032K
Event: 9.200 GC heap after
Heap after GC invocations=89 (full 5):
 def new generation   total 18368K, used 319K [0x04c00000, 0x05fe0000, 0x0a150000)
  eden space 16384K,   0% used [0x04c00000, 0x04c00000, 0x05c00000)
  from space 1984K,  16% used [0x05df0000, 0x05e3fcf0, 0x05fe0000)
  to   space 1984K,   0% used [0x05c00000, 0x05c00000, 0x05df0000)
 tenured generation   total 40552K, used 28355K [0x0a150000, 0x0c8ea000, 0x14c00000)
   the space 40552K,  69% used [0x0a150000, 0x0bd00d80, 0x0bd00e00, 0x0c8ea000)
 Metaspace       used 27298K, capacity 27716K, committed 27776K, reserved 28032K
}
Event: 9.359 GC heap before
{Heap before GC invocations=89 (full 5):
 def new generation   total 18368K, used 16703K [0x04c00000, 0x05fe0000, 0x0a150000)
  eden space 16384K, 100% used [0x04c00000, 0x05c00000, 0x05c00000)
  from space 1984K,  16% used [0x05df0000, 0x05e3fcf0, 0x05fe0000)
  to   space 1984K,   0% used [0x05c00000, 0x05c00000, 0x05df0000)
 tenured generation   total 40552K, used 28355K [0x0a150000, 0x0c8ea000, 0x14c00000)
   the space 40552K,  69% used [0x0a150000, 0x0bd00d80, 0x0bd00e00, 0x0c8ea000)
 Metaspace       used 27376K, capacity 27836K, committed 27904K, reserved 28032K
Event: 9.362 GC heap after
Heap after GC invocations=90 (full 5):
 def new generation   total 18368K, used 393K [0x04c00000, 0x05fe0000, 0x0a150000)
  eden space 16384K,   0% used [0x04c00000, 0x04c00000, 0x05c00000)
  from space 1984K,  19% used [0x05c00000, 0x05c624d0, 0x05df0000)
  to   space 1984K,   0% used [0x05df0000, 0x05df0000, 0x05fe0000)
 tenured generation   total 40552K, used 28355K [0x0a150000, 0x0c8ea000, 0x14c00000)
   the space 40552K,  69% used [0x0a150000, 0x0bd00d80, 0x0bd00e00, 0x0c8ea000)
 Metaspace       used 27376K, capacity 27836K, committed 27904K, reserved 28032K
}

Deoptimization events (0 events):
No events

Internal exceptions (10 events):
Event: 19.874 Thread 0x19eb4800 Exception <a 'java/security/PrivilegedActionException'> (0x05687db8) thrown at [C:\re\workspace\8-2-build-windows-i586-cygwin\jdk8u25\1677\hotspot\src\share\vm\prims\jvm.cpp, line 1312]
Event: 19.875 Thread 0x19eb4800 Exception <a 'java/security/PrivilegedActionException'> (0x056903a0) thrown at [C:\re\workspace\8-2-build-windows-i586-cygwin\jdk8u25\1677\hotspot\src\share\vm\prims\jvm.cpp, line 1312]
Event: 19.875 Thread 0x19eb4800 Exception <a 'java/security/PrivilegedActionException'> (0x05691ca0) thrown at [C:\re\workspace\8-2-build-windows-i586-cygwin\jdk8u25\1677\hotspot\src\share\vm\prims\jvm.cpp, line 1312]
Event: 19.875 Thread 0x19eb4800 Exception <a 'java/security/PrivilegedActionException'> (0x056a61d8) thrown at [C:\re\workspace\8-2-build-windows-i586-cygwin\jdk8u25\1677\hotspot\src\share\vm\prims\jvm.cpp, line 1312]
Event: 19.875 Thread 0x19eb4800 Exception <a 'java/security/PrivilegedActionException'> (0x056a7c28) thrown at [C:\re\workspace\8-2-build-windows-i586-cygwin\jdk8u25\1677\hotspot\src\share\vm\prims\jvm.cpp, line 1312]
Event: 19.876 Thread 0x19eb4800 Exception <a 'java/security/PrivilegedActionException'> (0x056bd978) thrown at [C:\re\workspace\8-2-build-windows-i586-cygwin\jdk8u25\1677\hotspot\src\share\vm\prims\jvm.cpp, line 1312]
Event: 19.876 Thread 0x19eb4800 Exception <a 'java/security/PrivilegedActionException'> (0x056bf178) thrown at [C:\re\workspace\8-2-build-windows-i586-cygwin\jdk8u25\1677\hotspot\src\share\vm\prims\jvm.cpp, line 1312]
Event: 19.876 Thread 0x19eb4800 Exception <a 'java/security/PrivilegedActionException'> (0x056d12c0) thrown at [C:\re\workspace\8-2-build-windows-i586-cygwin\jdk8u25\1677\hotspot\src\share\vm\prims\jvm.cpp, line 1312]
Event: 19.876 Thread 0x19eb4800 Exception <a 'java/security/PrivilegedActionException'> (0x056d2c30) thrown at [C:\re\workspace\8-2-build-windows-i586-cygwin\jdk8u25\1677\hotspot\src\share\vm\prims\jvm.cpp, line 1312]
Event: 19.877 Thread 0x19eb4800 Exception <a 'java/security/PrivilegedActionException'> (0x056e7d48) thrown at [C:\re\workspace\8-2-build-windows-i586-cygwin\jdk8u25\1677\hotspot\src\share\vm\prims\jvm.cpp, line 1312]

Events (10 events):
Event: 70.434 loading class javax/swing/Autoscroller
Event: 70.434 loading class javax/swing/Autoscroller done
Event: 70.619 loading class java/lang/Math$RandomNumberGeneratorHolder
Event: 70.619 loading class java/lang/Math$RandomNumberGeneratorHolder done
Event: 70.632 Executing VM operation: RevokeBias
Event: 70.632 Executing VM operation: RevokeBias done
Event: 77.582 Executing VM operation: RevokeBias
Event: 77.582 Executing VM operation: RevokeBias done
Event: 88.436 Executing VM operation: BulkRevokeBias
Event: 88.437 Executing VM operation: BulkRevokeBias done


Dynamic libraries:
0x001c0000 - 0x001f0000 	C:\Program Files (x86)\Java\jre1.8.0_25\bin\javaw.exe
0x77640000 - 0x777ae000 	C:\WINDOWS\SYSTEM32\ntdll.dll
0x770e0000 - 0x77220000 	C:\WINDOWS\SYSTEM32\KERNEL32.DLL
0x76c20000 - 0x76cf0000 	C:\WINDOWS\SYSTEM32\KERNELBASE.dll
0x726e0000 - 0x72779000 	C:\WINDOWS\system32\apphelp.dll
0x78a80000 - 0x78cd9000 	C:\WINDOWS\AppPatch\AcGenral.DLL
0x76cf0000 - 0x76dae000 	C:\WINDOWS\SYSTEM32\msvcrt.dll
0x750e0000 - 0x7511e000 	C:\WINDOWS\SYSTEM32\sechost.dll
0x75040000 - 0x7505d000 	C:\WINDOWS\SYSTEM32\SspiCli.dll
0x76e10000 - 0x76e51000 	C:\WINDOWS\SYSTEM32\SHLWAPI.dll
0x733d0000 - 0x734ab000 	C:\WINDOWS\SYSTEM32\UxTheme.dll
0x76f70000 - 0x770bc000 	C:\WINDOWS\SYSTEM32\USER32.dll
0x76e60000 - 0x76f67000 	C:\WINDOWS\SYSTEM32\GDI32.dll
0x74d10000 - 0x74d30000 	C:\WINDOWS\SYSTEM32\WINMM.dll
0x72ae0000 - 0x72af2000 	C:\WINDOWS\SYSTEM32\samcli.dll
0x75160000 - 0x7526c000 	C:\WINDOWS\SYSTEM32\ole32.dll
0x75580000 - 0x75615000 	C:\WINDOWS\SYSTEM32\OLEAUT32.dll
0x72800000 - 0x72815000 	C:\WINDOWS\SYSTEM32\MSACM32.dll
0x74650000 - 0x74658000 	C:\WINDOWS\SYSTEM32\VERSION.dll
0x75a60000 - 0x76c17000 	C:\WINDOWS\SYSTEM32\SHELL32.dll
0x74fb0000 - 0x74fc9000 	C:\WINDOWS\SYSTEM32\USERENV.dll
0x74a60000 - 0x74a78000 	C:\WINDOWS\SYSTEM32\dwmapi.dll
0x720a0000 - 0x721ea000 	C:\WINDOWS\SYSTEM32\urlmon.dll
0x773f0000 - 0x77468000 	C:\WINDOWS\SYSTEM32\ADVAPI32.dll
0x72f50000 - 0x72fae000 	C:\WINDOWS\SYSTEM32\WINSPOOL.DRV
0x72850000 - 0x72864000 	C:\WINDOWS\SYSTEM32\MPR.dll
0x774c0000 - 0x77570000 	C:\WINDOWS\SYSTEM32\RPCRT4.dll
0x75030000 - 0x75039000 	C:\WINDOWS\SYSTEM32\CRYPTBASE.dll
0x75270000 - 0x753be000 	C:\WINDOWS\SYSTEM32\combase.dll
0x74bc0000 - 0x74be0000 	C:\WINDOWS\SYSTEM32\WINMMBASE.dll
0x74f90000 - 0x74f9e000 	C:\WINDOWS\SYSTEM32\profapi.dll
0x73e90000 - 0x740c2000 	C:\WINDOWS\SYSTEM32\iertutil.dll
0x74470000 - 0x74645000 	C:\WINDOWS\SYSTEM32\WININET.dll
0x74fd0000 - 0x75022000 	C:\WINDOWS\SYSTEM32\bcryptPrimitives.dll
0x77480000 - 0x774ba000 	C:\WINDOWS\SYSTEM32\cfgmgr32.dll
0x74f20000 - 0x74f3f000 	C:\WINDOWS\SYSTEM32\DEVOBJ.dll
0x747d0000 - 0x74846000 	C:\WINDOWS\SYSTEM32\SHCORE.DLL
0x77220000 - 0x77245000 	C:\WINDOWS\system32\IMM32.DLL
0x75960000 - 0x75a57000 	C:\WINDOWS\SYSTEM32\MSCTF.dll
0x72360000 - 0x72546000 	C:\WINDOWS\WinSxS\x86_microsoft.windows.common-controls_6595b64144ccf1df_6.0.9600.17031_none_a9efdb8b01377ea7\COMCTL32.dll
0x78400000 - 0x784bf000 	C:\Program Files (x86)\Java\jre1.8.0_25\bin\msvcr100.dll
0x6cef0000 - 0x6d294000 	C:\Program Files (x86)\Java\jre1.8.0_25\bin\client\jvm.dll
0x74b80000 - 0x74b88000 	C:\WINDOWS\SYSTEM32\WSOCK32.dll
0x77470000 - 0x77476000 	C:\WINDOWS\SYSTEM32\PSAPI.DLL
0x773a0000 - 0x773ed000 	C:\WINDOWS\SYSTEM32\WS2_32.dll
0x75570000 - 0x75577000 	C:\WINDOWS\SYSTEM32\NSI.dll
0x660d0000 - 0x660dc000 	C:\Program Files (x86)\Java\jre1.8.0_25\bin\verify.dll
0x6d8c0000 - 0x6d8e1000 	C:\Program Files (x86)\Java\jre1.8.0_25\bin\java.dll
0x00fc0000 - 0x00fe9000 	C:\Program Files (x86)\Java\jre1.8.0_25\bin\jdwp.dll
0x64370000 - 0x64377000 	C:\Program Files (x86)\Java\jre1.8.0_25\bin\npt.dll
0x55010000 - 0x55023000 	C:\Program Files (x86)\Java\jre1.8.0_25\bin\zip.dll
0x641c0000 - 0x641c8000 	C:\Program Files (x86)\Java\jre1.8.0_25\bin\dt_socket.dll
0x6edf0000 - 0x6ee00000 	C:\WINDOWS\system32\napinsp.dll
0x6edd0000 - 0x6ede4000 	C:\WINDOWS\system32\pnrpnsp.dll
0x6edb0000 - 0x6edc4000 	C:\WINDOWS\system32\NLAapi.dll
0x6ee80000 - 0x6eec5000 	C:\WINDOWS\System32\mswsock.dll
0x74300000 - 0x7437c000 	C:\WINDOWS\SYSTEM32\DNSAPI.dll
0x6eda0000 - 0x6eda9000 	C:\WINDOWS\System32\winrnr.dll
0x6ee50000 - 0x6ee71000 	C:\Program Files (x86)\Bonjour\mdnsNSP.dll
0x742c0000 - 0x742de000 	C:\WINDOWS\SYSTEM32\Iphlpapi.DLL
0x73e80000 - 0x73e88000 	C:\WINDOWS\SYSTEM32\WINNSI.DLL
0x6ee00000 - 0x6ee44000 	C:\WINDOWS\System32\fwpuclnt.dll
0x71cf0000 - 0x71cf7000 	C:\Windows\System32\rasadhlp.dll
0x743b0000 - 0x743c8000 	C:\WINDOWS\SYSTEM32\CRYPTSP.dll
0x74380000 - 0x743af000 	C:\WINDOWS\system32\rsaenh.dll
0x742e0000 - 0x742fd000 	C:\WINDOWS\SYSTEM32\bcrypt.dll
0x6e8c0000 - 0x6e8d5000 	C:\Program Files (x86)\Java\jre1.8.0_25\bin\net.dll
0x6ef40000 - 0x6ef52000 	C:\WINDOWS\SYSTEM32\dhcpcsvc6.DLL
0x748a0000 - 0x748b3000 	C:\WINDOWS\SYSTEM32\dhcpcsvc.DLL
0x777b0000 - 0x777bf000 	C:\Program Files (x86)\Java\jre1.8.0_25\bin\nio.dll
0x6c990000 - 0x6cad6000 	C:\Program Files (x86)\Java\jre1.8.0_25\bin\awt.dll
0x749e0000 - 0x749e9000 	C:\WINDOWS\SYSTEM32\kernel.appcore.dll
0x5b980000 - 0x5bb38000 	C:\WINDOWS\system32\d3d9.dll
0x6f4d0000 - 0x6f607000 	C:\WINDOWS\SYSTEM32\nvumdshim.dll
0x753c0000 - 0x7556d000 	C:\WINDOWS\SYSTEM32\SETUPAPI.dll
0x70130000 - 0x70159000 	C:\WINDOWS\system32\nvinit.dll
0x02b30000 - 0x02b36000 	C:\Program Files (x86)\NVIDIA Corporation\CoProcManager\detoured.dll
0x6f300000 - 0x6f353000 	C:\Program Files (x86)\NVIDIA Corporation\CoProcManager\nvd3d9wrap.dll
0x700f0000 - 0x7012b000 	C:\Program Files (x86)\NVIDIA Corporation\CoProcManager\nvdxgiwrap.dll
0x5ae90000 - 0x5b979000 	C:\WINDOWS\system32\igdumdim32.dll
0x66570000 - 0x668d1000 	C:\WINDOWS\SYSTEM32\igdusc32.dll
0x6c950000 - 0x6c988000 	C:\Program Files (x86)\Java\jre1.8.0_25\bin\fontmanager.dll
0x454a0000 - 0x45520000 	C:\WINDOWS\system32\RICHED20.DLL
0x748d0000 - 0x748e4000 	C:\WINDOWS\SYSTEM32\USP10.dll
0x18ce0000 - 0x18d11000 	C:\WINDOWS\SYSTEM32\msls31.dll
0x6e3b0000 - 0x6e3e0000 	C:\Program Files (x86)\Java\jre1.8.0_25\bin\t2k.dll
0x18d20000 - 0x18e68000 	C:\WINDOWS\SYSTEM32\dbghelp.dll

VM Arguments:
jvm_args: -agentlib:jdwp=transport=dt_socket,suspend=y,address=localhost:64565 -Dfile.encoding=Cp1252 
java_command: icaro.infraestructura.clasesGeneradorasOrganizacion.ArranqueSistemaConCrtlGestorO descripcionAplicacionChatters
java_class_path (initial): C:\Users\Paloma\workspace\MovieChatter\build\classes;C:\Users\Paloma\workspace\MovieChatter\lib\aclibico-2.1.jar;C:\Users\Paloma\workspace\MovieChatter\lib\activation-1.1.jar;C:\Users\Paloma\workspace\MovieChatter\lib\ant.jar;C:\Users\Paloma\workspace\MovieChatter\lib\antlr-2.7.7.jar;C:\Users\Paloma\workspace\MovieChatter\lib\antlr-3.3.jar;C:\Users\Paloma\workspace\MovieChatter\lib\antlr-runtime-3.1.1.jar;C:\Users\Paloma\workspace\MovieChatter\lib\antlr-runtime-3.3.jar;C:\Users\Paloma\workspace\MovieChatter\lib\antlr.jar;C:\Users\Paloma\workspace\MovieChatter\lib\bcmail-jdk14-138.jar;C:\Users\Paloma\workspace\MovieChatter\lib\bcprov-jdk14-136.jar;C:\Users\Paloma\workspace\MovieChatter\lib\beans-binding\beansbinding-1.2.1.jar;C:\Users\Paloma\workspace\MovieChatter\lib\commons-beanutils-bean-collections.jar;C:\Users\Paloma\workspace\MovieChatter\lib\commons-beanutils-core.jar;C:\Users\Paloma\workspace\MovieChatter\lib\commons-beanutils.jar;C:\Users\Paloma\workspace\MovieChatter\lib\commons-codec-1.3.jar;C:\Users\Paloma\workspace\MovieChatter\lib\commons-collections-3.2.jar;C:\Users\Paloma\workspace\MovieChatter\lib\commons-digester-1.8.jar;C:\Users\Paloma\workspace\MovieChatter\lib\commons-discovery-0.4.jar;C:\Users\Paloma\workspace\MovieChatter\lib\commons-el.jar;C:\Users\Paloma\workspace\MovieChatter\lib\commons-jexl-1.1.jar;C:\Users\Paloma\workspace\MovieChatter\lib\commons-logging-1.1.1.jar;C:\Users\Paloma\workspace\MovieChatter\lib\commons-logging-adapters-1.1.jar;C:\Users\Paloma\workspace\MovieChatter\lib\commons-logging-api-1.1.jar;C:\Users\Paloma\workspace\MovieChatter\lib\commons-scxml-0.6.jar;C:\Users\Paloma\workspace\MovieChatter\lib\CopyLibs\org-netbeans-modules-java-j2seproject-copylibstask.jar;C:\Users\Paloma\workspace\MovieChatter\lib\core-3.4.2.v_883_R34x.jar;C:\Users\Paloma\workspace\MovieChatter\lib\core-renderer-R8pre2.jar;C:\Users\Paloma\workspace\MovieChatter\lib\datanucleus-rdbms-2.2.0-release.jar;C:\Users\Paloma\work
Launcher Type: SUN_STANDARD

Environment Variables:
JAVA_HOME=C:\Program Files\Java\jdk1.8.0_25
PATH=C:\ProgramData\Oracle\Java\javapath;C:\Program Files (x86)\NVIDIA Corporation\PhysX\Common;C:\Program Files (x86)\Intel\iCLS Client\;C:\Program Files\Intel\iCLS Client\;C:\Windows\system32;C:\Windows;C:\Windows\System32\Wbem;C:\Windows\System32\WindowsPowerShell\v1.0\;C:\Program Files (x86)\Windows Live\Shared;C:\Program Files\Intel\Intel(R) Management Engine Components\DAL;C:\Program Files\Intel\Intel(R) Management Engine Components\IPT;C:\Program Files (x86)\Intel\Intel(R) Management Engine Components\DAL;C:\Program Files (x86)\Intel\Intel(R) Management Engine Components\IPT;C:\Program Files (x86)\Intel\OpenCL SDK\2.0\bin\x86;C:\Program Files (x86)\Intel\OpenCL SDK\2.0\bin\x64;C:\Program Files\Calibre2\;C:\Program Files\MiKTeX\miktex\bin\x64\;C:\WINDOWS\system32;C:\WINDOWS;C:\WINDOWS\System32\Wbem;C:\WINDOWS\System32\WindowsPowerShell\v1.0\;C:\Users\Paloma\AppData\Local\MaudeFW\cygwin\bin;C:\Program Files\Microsoft\Web Platform Installer\;C:\Program Files (x86)\Microsoft ASP.NET\ASP.NET Web Pages\v1.0\;C:\Program Files (x86)\Windows Kits\8.0\Windows Performance Toolkit\;C:\Program Files\Microsoft SQL Server\110\Tools\Binn\;C:\Program Files (x86)\Skype\Phone\;
USERNAME=Paloma
OS=Windows_NT
PROCESSOR_IDENTIFIER=Intel64 Family 6 Model 58 Stepping 9, GenuineIntel



---------------  S Y S T E M  ---------------

OS: Windows 8.1 , 64 bit Build 9600 

CPU:total 4 (2 cores per cpu, 2 threads per core) family 6 model 58 stepping 9, cmov, cx8, fxsr, mmx, sse, sse2, sse3, ssse3, sse4.1, sse4.2, popcnt, avx, aes, clmul, erms, ht, tsc, tscinvbit, tscinv

Memory: 4k page, physical 8271412k(4730580k free), swap 9582132k(5311164k free)

vm_info: Java HotSpot(TM) Client VM (25.25-b02) for windows-x86 JRE (1.8.0_25-b18), built on Oct  7 2014 14:31:05 by "java_re" with MS VC++ 10.0 (VS2010)

time: Wed May 13 21:03:02 2015
elapsed time: 142 seconds (0d 0h 2m 22s)

